<?xml version="1.0" encoding="UTF-8"?>
<!-- Generated by org.testng.reporters.JUnitReportReporter -->
<testsuite hostname="342-NB30JB6G3" failures="0" tests="5" name="com.tests.TargetValidateTest" time="16.093" errors="0" timestamp="2022-08-16T17:59:59 IST" skipped="0">
  <testcase classname="com.tests.TargetValidateTest" name="tetsVerifyUserCanSeeBattleDialogWithOneValidAndOtherTargets" time="0.768"/>
  <system-out>
Clicked Let the Battle Begin Button Invalid Target Count = 8 Valid Target Count = 1  </system-out>
  <testcase classname="com.tests.TargetValidateTest" name="testVerifyValidTargetAlwaysChangesItsPosition" time="4.918"/>
  <system-out>
Clicked Let the Battle Begin Button Valid Target Position = 3 Clicked Let the Battle Begin Button Valid Target Position = 4  </system-out>
  <testcase classname="com.tests.TargetValidateTest" name="testVerifyUser_Clicks_Invalid_Target" time="2.597"/>
  <system-out>
Clicked Let the Battle Begin Button Clicked Invalid Target Not Orange Battle Dialog Display = true  </system-out>
  <testcase classname="com.tests.TargetValidateTest" name="testVerifyClicksValidTargetAndBattleDialogClosed" time="4.841"/>
  <system-out>
Clicked Let the Battle Begin Button Clicked Valid Target Orange Battle Dialog Display = false  </system-out>
  <testcase classname="com.tests.TargetValidateTest" name="testVerifyPopupNotClosingWhenHitEscape" time="2.969"/>
  <system-out>
Clicked Let the Battle Begin Button Hit the Escape Key Battle Dialog Display = true  </system-out>
</testsuite> <!-- com.tests.TargetValidateTest -->
