<?xml version="1.0" encoding="UTF-8"?>
<!-- Generated by org.testng.reporters.JUnitReportReporter -->
<testsuite hostname="342-NB30JB6G3" failures="0" tests="10" name="com.tests.SummationTest" time="7.865" errors="0" timestamp="2022-08-16T17:59:59 IST" skipped="0">
  <testcase classname="com.tests.SummationTest" name="testVerifyResultIfFirstValuesBlank" time="0.847"/>
  <system-out>
Entered Vlaue 1 =  and Value 2 = 5 Result = 5  </system-out>
  <testcase classname="com.tests.SummationTest" name="testVerifyResultIfSecondValues_Blank" time="0.810"/>
  <system-out>
Entered Vlaue 1 = 6 and Value 2 =  Result = 6  </system-out>
  <testcase classname="com.tests.SummationTest" name="testVerifyResultIfBothValuesBlank" time="0.759"/>
  <system-out>
Entered Vlaue 1 =  and Value 2 =  Result = 0  </system-out>
  <testcase classname="com.tests.SummationTest" name="testVerifyResultIfBothValuesPositive" time="0.764"/>
  <system-out>
Entered Vlaue 1 = 14 and Value 2 = 1000 Result = 1014  </system-out>
  <testcase classname="com.tests.SummationTest" name="testVerifyResultIfFirstValueNegative" time="0.795"/>
  <system-out>
Entered Vlaue 1 = -14 and Value 2 = 134 Result = 120  </system-out>
  <testcase classname="com.tests.SummationTest" name="testVerifyResultIfSecondValueNegative" time="0.773"/>
  <system-out>
Entered Vlaue 1 = 14 and Value 2 = -134 Result = -120  </system-out>
  <testcase classname="com.tests.SummationTest" name="testVerifyResultIfBothValuesDecimal" time="0.764"/>
  <system-out>
Entered Vlaue 1 = 1.6345 and Value 2 = 13.6 Result = 15.2345  </system-out>
  <testcase classname="com.tests.SummationTest" name="testVerifyResultIfFirstValueIntegerAndSecondValueDecimal" time="0.777"/>
  <system-out>
Entered Vlaue 1 = 1 and Value 2 = 13.6 Result = 14.6  </system-out>
  <testcase classname="com.tests.SummationTest" name="testVerifyResultIfFirstValueDecimalAndSecondValueInteger" time="0.766"/>
  <system-out>
Entered Vlaue 1 = 1.34 and Value 2 = 111 Result = 112.34  </system-out>
  <testcase classname="com.tests.SummationTest" name="testVerifyResultIfCalculatingLongIntegerValues" time="0.810"/>
  <system-out>
Entered Vlaue 1 = 1200000000012345 and Value 2 = 100000000000000 Result = 1300000000012345  </system-out>
</testsuite> <!-- com.tests.SummationTest -->
