<?xml version="1.0" encoding="UTF-8"?>
<!-- Generated by org.testng.reporters.JUnitReportReporter -->
<testsuite hostname="342-NB30JB6G3" failures="0" tests="8" name="com.tests.UnicornSearchTest" time="16.568" errors="0" timestamp="2022-08-16T17:59:59 IST" skipped="0">
  <testcase classname="com.tests.UnicornSearchTest" name="testVerifyUnicornNameReturnedIfPartOfNameEnteredLowerCase" time="0.807"/>
  <system-out>
Entered Search Text = bobi Unicorn Name Returned = true  </system-out>
  <testcase classname="com.tests.UnicornSearchTest" name="testVerifyUnicornNameReturnedIfPartOfNameEnteredAllCaps" time="0.762"/>
  <system-out>
Entered Search Text = BOBI Unicorn Name Returned = true  </system-out>
  <testcase classname="com.tests.UnicornSearchTest" name="testVerifyUnicornNameReturnedIfPartOfNameEnteredSentenceCaps" time="0.776"/>
  <system-out>
Entered Search Text = Bobi Unicorn Name Returned = true  </system-out>
  <testcase classname="com.tests.UnicornSearchTest" name="testVerifyUnicornNameNotReturnedIfPartOfNamePartiallyEntered" time="2.846"/>
  <system-out>
Entered Search Text = Bob Failed to Get Result Unicorn Name  </system-out>
  <testcase classname="com.tests.UnicornSearchTest" name="testVerifyUnicornNameNotReturnedIfPartOfNameEnteredWithSpaces" time="2.854"/>
  <system-out>
Entered Search Text = bobi  Failed to Get Result Unicorn Name  </system-out>
  <testcase classname="com.tests.UnicornSearchTest" name="testVerifyUnicornNameNotReturnedIfNoNameEntered" time="2.866"/>
  <system-out>
Entered Search Text =  Failed to Get Result Unicorn Name  </system-out>
  <testcase classname="com.tests.UnicornSearchTest" name="testVerifyUnicornNameNotReturnedIfTextContainsEnteredPartOfName" time="2.842"/>
  <system-out>
Entered Search Text = bobii Failed to Get Result Unicorn Name  </system-out>
  <testcase classname="com.tests.UnicornSearchTest" name="testVerifyUnicornNameNotReturnedIfEntirelyInvalidTextEntered" time="2.815"/>
  <system-out>
Entered Search Text = abcd  Failed to Get Result Unicorn Name  </system-out>
</testsuite> <!-- com.tests.UnicornSearchTest -->
