<?xml version="1.0" encoding="UTF-8"?>
<!-- Generated by org.testng.reporters.JUnitXMLReporter -->
<testsuite ignored="2" hostname="342-NB30JB6G3" failures="0" tests="23" name="Test-Automation" time="69.02" errors="0" timestamp="2022-08-16T17:59:59 IST">
  <testcase classname="com.tests.SummationTest" name="testVerifyResultIfFirstValuesBlank" time="0.847"/>
  <testcase classname="com.tests.SummationTest" name="testVerifyResultIfSecondValues_Blank" time="0.81"/>
  <testcase classname="com.tests.SummationTest" name="testVerifyResultIfBothValuesBlank" time="0.759"/>
  <testcase classname="com.tests.SummationTest" name="testVerifyResultIfBothValuesPositive" time="0.764"/>
  <testcase classname="com.tests.SummationTest" name="testVerifyResultIfFirstValueNegative" time="0.795"/>
  <testcase classname="com.tests.SummationTest" name="testVerifyResultIfSecondValueNegative" time="0.773"/>
  <testcase classname="com.tests.SummationTest" name="testVerifyResultIfBothValuesDecimal" time="0.764"/>
  <testcase classname="com.tests.SummationTest" name="testVerifyResultIfFirstValueIntegerAndSecondValueDecimal" time="0.777"/>
  <testcase classname="com.tests.SummationTest" name="testVerifyResultIfFirstValueDecimalAndSecondValueInteger" time="0.766"/>
  <testcase classname="com.tests.SummationTest" name="testVerifyResultIfCalculatingLongIntegerValues" time="0.81"/>
  <testcase classname="com.tests.UnicornSearchTest" name="testVerifyUnicornNameReturnedIfPartOfNameEnteredLowerCase" time="0.807"/>
  <testcase classname="com.tests.UnicornSearchTest" name="testVerifyUnicornNameReturnedIfPartOfNameEnteredAllCaps" time="0.762"/>
  <testcase classname="com.tests.UnicornSearchTest" name="testVerifyUnicornNameReturnedIfPartOfNameEnteredSentenceCaps" time="0.776"/>
  <testcase classname="com.tests.UnicornSearchTest" name="testVerifyUnicornNameNotReturnedIfPartOfNamePartiallyEntered" time="2.846"/>
  <testcase classname="com.tests.UnicornSearchTest" name="testVerifyUnicornNameNotReturnedIfPartOfNameEnteredWithSpaces" time="2.854"/>
  <testcase classname="com.tests.UnicornSearchTest" name="testVerifyUnicornNameNotReturnedIfNoNameEntered" time="2.866"/>
  <testcase classname="com.tests.UnicornSearchTest" name="testVerifyUnicornNameNotReturnedIfTextContainsEnteredPartOfName" time="2.842"/>
  <testcase classname="com.tests.UnicornSearchTest" name="testVerifyUnicornNameNotReturnedIfEntirelyInvalidTextEntered" time="2.815"/>
  <testcase classname="com.tests.TargetValidateTest" name="tetsVerifyUserCanSeeBattleDialogWithOneValidAndOtherTargets" time="0.768"/>
  <testcase classname="com.tests.TargetValidateTest" name="testVerifyValidTargetAlwaysChangesItsPosition" time="4.918"/>
  <testcase classname="com.tests.TargetValidateTest" name="testVerifyUser_Clicks_Invalid_Target" time="2.597"/>
  <testcase classname="com.tests.TargetValidateTest" name="testVerifyClicksValidTargetAndBattleDialogClosed" time="4.841"/>
  <testcase classname="com.tests.TargetValidateTest" name="testVerifyPopupNotClosingWhenHitEscape" time="2.969"/>
  <testcase classname="com.base.BaseTest" name="@AfterSuite quitDriver" time="0.0">
    <ignored/>
  </testcase> <!-- @AfterSuite quitDriver -->
  <testcase classname="com.base.BaseTest" name="@AfterSuite quitDriver" time="0.0">
    <ignored/>
  </testcase> <!-- @AfterSuite quitDriver -->
</testsuite> <!-- Test-Automation -->
